Analysis & Synthesis report for computer_fpga
Thu Mar 19 08:18:37 2026
Quartus Prime Version 24.1std.0 Build 1077 03/04/2025 SC Lite Edition


---------------------
; Table of Contents ;
---------------------
  1. Legal Notice
  2. Analysis & Synthesis Summary
  3. Analysis & Synthesis Settings
  4. Parallel Compilation
  5. Analysis & Synthesis Source Files Read
  6. Analysis & Synthesis Resource Usage Summary
  7. Analysis & Synthesis Resource Utilization by Entity
  8. General Register Statistics
  9. Multiplexer Restructuring Statistics (Restructuring Performed)
 10. Port Connectivity Checks: "cpu_alu:alu_inst"
 11. Port Connectivity Checks: "program_counter:pc_inst"
 12. Post-Synthesis Netlist Statistics for Top Partition
 13. Elapsed Time Per Partition
 14. Analysis & Synthesis Messages
 15. Analysis & Synthesis Suppressed Messages



----------------
; Legal Notice ;
----------------
Copyright (C) 2025  Altera Corporation. All rights reserved.
Your use of Altera Corporation's design tools, logic functions 
and other software and tools, and any partner logic 
functions, and any output files from any of the foregoing 
(including device programming or simulation files), and any 
associated documentation or information are expressly subject 
to the terms and conditions of the Altera Program License 
Subscription Agreement, the Altera Quartus Prime License Agreement,
the Altera IP License Agreement, or other applicable license
agreement, including, without limitation, that your use is for
the sole purpose of programming logic devices manufactured by
Altera and sold by Altera or its authorized distributors.  Please
refer to the Altera Software License Subscription Agreements 
on the Quartus Prime software download page.



+--------------------------------------------------------------------------------------+
; Analysis & Synthesis Summary                                                         ;
+------------------------------------+-------------------------------------------------+
; Analysis & Synthesis Status        ; Successful - Thu Mar 19 08:18:37 2026           ;
; Quartus Prime Version              ; 24.1std.0 Build 1077 03/04/2025 SC Lite Edition ;
; Revision Name                      ; computer_fpga                                   ;
; Top-level Entity Name              ; computer_fpga                                   ;
; Family                             ; Cyclone 10 LP                                   ;
; Total logic elements               ; 8                                               ;
;     Total combinational functions  ; 8                                               ;
;     Dedicated logic registers      ; 8                                               ;
; Total registers                    ; 8                                               ;
; Total pins                         ; 30                                              ;
; Total virtual pins                 ; 0                                               ;
; Total memory bits                  ; 0                                               ;
; Embedded Multiplier 9-bit elements ; 0                                               ;
; Total PLLs                         ; 0                                               ;
+------------------------------------+-------------------------------------------------+


+------------------------------------------------------------------------------------------------------------+
; Analysis & Synthesis Settings                                                                              ;
+------------------------------------------------------------------+--------------------+--------------------+
; Option                                                           ; Setting            ; Default Value      ;
+------------------------------------------------------------------+--------------------+--------------------+
; Device                                                           ; 10CL025YU256I7G    ;                    ;
; Top-level entity name                                            ; computer_fpga      ; computer_fpga      ;
; Family name                                                      ; Cyclone 10 LP      ; Cyclone V          ;
; Use smart compilation                                            ; Off                ; Off                ;
; Enable parallel Assembler and Timing Analyzer during compilation ; On                 ; On                 ;
; Enable compact report table                                      ; Off                ; Off                ;
; Restructure Multiplexers                                         ; Auto               ; Auto               ;
; Create Debugging Nodes for IP Cores                              ; Off                ; Off                ;
; Preserve fewer node names                                        ; On                 ; On                 ;
; Intel FPGA IP Evaluation Mode                                    ; Enable             ; Enable             ;
; Verilog Version                                                  ; Verilog_2001       ; Verilog_2001       ;
; VHDL Version                                                     ; VHDL_1993          ; VHDL_1993          ;
; State Machine Processing                                         ; Auto               ; Auto               ;
; Safe State Machine                                               ; Off                ; Off                ;
; Extract Verilog State Machines                                   ; On                 ; On                 ;
; Extract VHDL State Machines                                      ; On                 ; On                 ;
; Ignore Verilog initial constructs                                ; Off                ; Off                ;
; Iteration limit for constant Verilog loops                       ; 5000               ; 5000               ;
; Iteration limit for non-constant Verilog loops                   ; 250                ; 250                ;
; Add Pass-Through Logic to Inferred RAMs                          ; On                 ; On                 ;
; Infer RAMs from Raw Logic                                        ; On                 ; On                 ;
; Parallel Synthesis                                               ; On                 ; On                 ;
; DSP Block Balancing                                              ; Auto               ; Auto               ;
; NOT Gate Push-Back                                               ; On                 ; On                 ;
; Power-Up Don't Care                                              ; On                 ; On                 ;
; Remove Redundant Logic Cells                                     ; Off                ; Off                ;
; Remove Duplicate Registers                                       ; On                 ; On                 ;
; Ignore CARRY Buffers                                             ; Off                ; Off                ;
; Ignore CASCADE Buffers                                           ; Off                ; Off                ;
; Ignore GLOBAL Buffers                                            ; Off                ; Off                ;
; Ignore ROW GLOBAL Buffers                                        ; Off                ; Off                ;
; Ignore LCELL Buffers                                             ; Off                ; Off                ;
; Ignore SOFT Buffers                                              ; On                 ; On                 ;
; Limit AHDL Integers to 32 Bits                                   ; Off                ; Off                ;
; Optimization Technique                                           ; Balanced           ; Balanced           ;
; Carry Chain Length                                               ; 70                 ; 70                 ;
; Auto Carry Chains                                                ; On                 ; On                 ;
; Auto Open-Drain Pins                                             ; On                 ; On                 ;
; Perform WYSIWYG Primitive Resynthesis                            ; Off                ; Off                ;
; Auto ROM Replacement                                             ; On                 ; On                 ;
; Auto RAM Replacement                                             ; On                 ; On                 ;
; Auto DSP Block Replacement                                       ; On                 ; On                 ;
; Auto Shift Register Replacement                                  ; Auto               ; Auto               ;
; Allow Shift Register Merging across Hierarchies                  ; Auto               ; Auto               ;
; Auto Clock Enable Replacement                                    ; On                 ; On                 ;
; Strict RAM Replacement                                           ; Off                ; Off                ;
; Allow Synchronous Control Signals                                ; On                 ; On                 ;
; Force Use of Synchronous Clear Signals                           ; Off                ; Off                ;
; Auto RAM Block Balancing                                         ; On                 ; On                 ;
; Auto RAM to Logic Cell Conversion                                ; Off                ; Off                ;
; Auto Resource Sharing                                            ; Off                ; Off                ;
; Allow Any RAM Size For Recognition                               ; Off                ; Off                ;
; Allow Any ROM Size For Recognition                               ; Off                ; Off                ;
; Allow Any Shift Register Size For Recognition                    ; Off                ; Off                ;
; Use LogicLock Constraints during Resource Balancing              ; On                 ; On                 ;
; Ignore translate_off and synthesis_off directives                ; Off                ; Off                ;
; Timing-Driven Synthesis                                          ; On                 ; On                 ;
; Report Parameter Settings                                        ; On                 ; On                 ;
; Report Source Assignments                                        ; On                 ; On                 ;
; Report Connectivity Checks                                       ; On                 ; On                 ;
; Ignore Maximum Fan-Out Assignments                               ; Off                ; Off                ;
; Synchronization Register Chain Length                            ; 2                  ; 2                  ;
; Power Optimization During Synthesis                              ; Normal compilation ; Normal compilation ;
; HDL message level                                                ; Level2             ; Level2             ;
; Suppress Register Optimization Related Messages                  ; Off                ; Off                ;
; Number of Removed Registers Reported in Synthesis Report         ; 5000               ; 5000               ;
; Number of Swept Nodes Reported in Synthesis Report               ; 5000               ; 5000               ;
; Number of Inverted Registers Reported in Synthesis Report        ; 100                ; 100                ;
; Clock MUX Protection                                             ; On                 ; On                 ;
; Auto Gated Clock Conversion                                      ; Off                ; Off                ;
; Block Design Naming                                              ; Auto               ; Auto               ;
; SDC constraint protection                                        ; Off                ; Off                ;
; Synthesis Effort                                                 ; Auto               ; Auto               ;
; Shift Register Replacement - Allow Asynchronous Clear Signal     ; On                 ; On                 ;
; Pre-Mapping Resynthesis Optimization                             ; Off                ; Off                ;
; Analysis & Synthesis Message Level                               ; Medium             ; Medium             ;
; Disable Register Merging Across Hierarchies                      ; Auto               ; Auto               ;
; Resource Aware Inference For Block RAM                           ; On                 ; On                 ;
+------------------------------------------------------------------+--------------------+--------------------+


+------------------------------------------+
; Parallel Compilation                     ;
+----------------------------+-------------+
; Processors                 ; Number      ;
+----------------------------+-------------+
; Number detected on machine ; 8           ;
; Maximum allowed            ; 4           ;
;                            ;             ;
; Average used               ; 1.00        ;
; Maximum used               ; 4           ;
;                            ;             ;
; Usage by Processor         ; % Time Used ;
;     Processor 1            ; 100.0%      ;
;     Processors 2-4         ;   0.0%      ;
+----------------------------+-------------+


+--------------------------------------------------------------------------------------------------------------------------------------------------------------+
; Analysis & Synthesis Source Files Read                                                                                                                       ;
+----------------------------------+-----------------+------------------------+----------------------------------------------------------------------+---------+
; File Name with User-Entered Path ; Used in Netlist ; File Type              ; File Name with Absolute Path                                         ; Library ;
+----------------------------------+-----------------+------------------------+----------------------------------------------------------------------+---------+
; program_counter.v                ; yes             ; User Verilog HDL File  ; C:/Users/tobin/AppData/Local/quartus/computer_fpga/program_counter.v ;         ;
; computer_fpga.v                  ; yes             ; User Verilog HDL File  ; C:/Users/tobin/AppData/Local/quartus/computer_fpga/computer_fpga.v   ;         ;
; cpu_alu.v                        ; yes             ; User Verilog HDL File  ; C:/Users/tobin/AppData/Local/quartus/computer_fpga/cpu_alu.v         ;         ;
+----------------------------------+-----------------+------------------------+----------------------------------------------------------------------+---------+


+-----------------------------------------------------------------+
; Analysis & Synthesis Resource Usage Summary                     ;
+---------------------------------------------+-------------------+
; Resource                                    ; Usage             ;
+---------------------------------------------+-------------------+
; Estimated Total logic elements              ; 8                 ;
;                                             ;                   ;
; Total combinational functions               ; 8                 ;
; Logic element usage by number of LUT inputs ;                   ;
;     -- 4 input functions                    ; 0                 ;
;     -- 3 input functions                    ; 1                 ;
;     -- <=2 input functions                  ; 7                 ;
;                                             ;                   ;
; Logic elements by mode                      ;                   ;
;     -- normal mode                          ; 1                 ;
;     -- arithmetic mode                      ; 7                 ;
;                                             ;                   ;
; Total registers                             ; 8                 ;
;     -- Dedicated logic registers            ; 8                 ;
;     -- I/O registers                        ; 0                 ;
;                                             ;                   ;
; I/O pins                                    ; 30                ;
;                                             ;                   ;
; Embedded Multiplier 9-bit elements          ; 0                 ;
;                                             ;                   ;
; Maximum fan-out node                        ; Counter_Out~input ;
; Maximum fan-out                             ; 8                 ;
; Total fan-out                               ; 118               ;
; Average fan-out                             ; 1.28              ;
+---------------------------------------------+-------------------+


+-----------------------------------------------------------------------------------------------------------------------------------------------------------------------------------------------------------------------------------+
; Analysis & Synthesis Resource Utilization by Entity                                                                                                                                                                               ;
+------------------------------+---------------------+---------------------------+-------------+--------------+---------+-----------+------+--------------+----------------------------------------+-----------------+--------------+
; Compilation Hierarchy Node   ; Combinational ALUTs ; Dedicated Logic Registers ; Memory Bits ; DSP Elements ; DSP 9x9 ; DSP 18x18 ; Pins ; Virtual Pins ; Full Hierarchy Name                    ; Entity Name     ; Library Name ;
+------------------------------+---------------------+---------------------------+-------------+--------------+---------+-----------+------+--------------+----------------------------------------+-----------------+--------------+
; |computer_fpga               ; 8 (0)               ; 8 (0)                     ; 0           ; 0            ; 0       ; 0         ; 30   ; 0            ; |computer_fpga                         ; computer_fpga   ; work         ;
;    |program_counter:pc_inst| ; 8 (8)               ; 8 (8)                     ; 0           ; 0            ; 0       ; 0         ; 0    ; 0            ; |computer_fpga|program_counter:pc_inst ; program_counter ; work         ;
+------------------------------+---------------------+---------------------------+-------------+--------------+---------+-----------+------+--------------+----------------------------------------+-----------------+--------------+
Note: For table entries with two numbers listed, the numbers in parentheses indicate the number of resources of the given type used by the specific entity alone. The numbers listed outside of parentheses indicate the total resources of the given type used by the specific entity and all of its sub-entities in the hierarchy.


+------------------------------------------------------+
; General Register Statistics                          ;
+----------------------------------------------+-------+
; Statistic                                    ; Value ;
+----------------------------------------------+-------+
; Total registers                              ; 8     ;
; Number of registers using Synchronous Clear  ; 0     ;
; Number of registers using Synchronous Load   ; 8     ;
; Number of registers using Asynchronous Clear ; 8     ;
; Number of registers using Asynchronous Load  ; 0     ;
; Number of registers using Clock Enable       ; 0     ;
; Number of registers using Preset             ; 0     ;
+----------------------------------------------+-------+


+---------------------------------------------------------------------------------------------------------------------------------------------------------------------+
; Multiplexer Restructuring Statistics (Restructuring Performed)                                                                                                      ;
+--------------------+-----------+---------------+----------------------+------------------------+------------+-------------------------------------------------------+
; Multiplexer Inputs ; Bus Width ; Baseline Area ; Area if Restructured ; Saving if Restructured ; Registered ; Example Multiplexer Output                            ;
+--------------------+-----------+---------------+----------------------+------------------------+------------+-------------------------------------------------------+
; 3:1                ; 8 bits    ; 16 LEs        ; 16 LEs               ; 0 LEs                  ; Yes        ; |computer_fpga|program_counter:pc_inst|counter_reg[0] ;
+--------------------+-----------+---------------+----------------------+------------------------+------------+-------------------------------------------------------+


+-------------------------------------------------------------------------------------------------------------------------------------------+
; Port Connectivity Checks: "cpu_alu:alu_inst"                                                                                              ;
+------------+--------+----------+----------------------------------------------------------------------------------------------------------+
; Port       ; Type   ; Severity ; Details                                                                                                  ;
+------------+--------+----------+----------------------------------------------------------------------------------------------------------+
; reg_A      ; Output ; Warning  ; Declared by entity but not connected by instance. Logic that only feeds a dangling port will be removed. ;
; reg_B      ; Output ; Warning  ; Declared by entity but not connected by instance. Logic that only feeds a dangling port will be removed. ;
; alu_result ; Output ; Warning  ; Declared by entity but not connected by instance. Logic that only feeds a dangling port will be removed. ;
+------------+--------+----------+----------------------------------------------------------------------------------------------------------+


+---------------------------------------------------------------------------------------------------------------------------------------------------------------------------------+
; Port Connectivity Checks: "program_counter:pc_inst"                                                                                                                             ;
+---------------+-------+----------+----------------------------------------------------------------------------------------------------------------------------------------------+
; Port          ; Type  ; Severity ; Details                                                                                                                                      ;
+---------------+-------+----------+----------------------------------------------------------------------------------------------------------------------------------------------+
; Counter_Reset ; Input ; Warning  ; Declared by entity but not connected by instance. If a default value exists, it will be used.  Otherwise, the port will be connected to GND. ;
+---------------+-------+----------+----------------------------------------------------------------------------------------------------------------------------------------------+


+-----------------------------------------------------+
; Post-Synthesis Netlist Statistics for Top Partition ;
+-----------------------+-----------------------------+
; Type                  ; Count                       ;
+-----------------------+-----------------------------+
; boundary_port         ; 30                          ;
; cycloneiii_ff         ; 8                           ;
;     CLR SLD           ; 8                           ;
; cycloneiii_io_obuf    ; 16                          ;
; cycloneiii_lcell_comb ; 8                           ;
;     arith             ; 7                           ;
;         2 data inputs ; 6                           ;
;         3 data inputs ; 1                           ;
;     normal            ; 1                           ;
;         1 data inputs ; 1                           ;
;                       ;                             ;
; Max LUT depth         ; 1.70                        ;
; Average LUT depth     ; 0.68                        ;
+-----------------------+-----------------------------+


+-------------------------------+
; Elapsed Time Per Partition    ;
+----------------+--------------+
; Partition Name ; Elapsed Time ;
+----------------+--------------+
; Top            ; 00:00:00     ;
+----------------+--------------+


+-------------------------------+
; Analysis & Synthesis Messages ;
+-------------------------------+
Info: *******************************************************************
Info: Running Quartus Prime Analysis & Synthesis
    Info: Version 24.1std.0 Build 1077 03/04/2025 SC Lite Edition
    Info: Processing started: Thu Mar 19 08:18:29 2026
Info: Command: quartus_map --read_settings_files=on --write_settings_files=off computer_fpga -c computer_fpga
Warning (18236): Number of processors has not been specified which may cause overloading on shared machines.  Set the global assignment NUM_PARALLEL_PROCESSORS in your QSF to an appropriate value for best performance.
Info (20030): Parallel compilation is enabled and will use 4 of the 4 processors detected
Info (12021): Found 1 design units, including 1 entities, in source file program_counter.v
    Info (12023): Found entity 1: program_counter File: C:/Users/tobin/AppData/Local/quartus/computer_fpga/program_counter.v Line: 1
Warning (10275): Verilog HDL Module Instantiation warning at computer_fpga.v(55): ignored dangling comma in List of Port Connections File: C:/Users/tobin/AppData/Local/quartus/computer_fpga/computer_fpga.v Line: 55
Info (12021): Found 1 design units, including 1 entities, in source file computer_fpga.v
    Info (12023): Found entity 1: computer_fpga File: C:/Users/tobin/AppData/Local/quartus/computer_fpga/computer_fpga.v Line: 1
Info (12021): Found 1 design units, including 1 entities, in source file cpu_alu.v
    Info (12023): Found entity 1: cpu_alu File: C:/Users/tobin/AppData/Local/quartus/computer_fpga/cpu_alu.v Line: 1
Info (12127): Elaborating entity "computer_fpga" for the top level hierarchy
Warning (10036): Verilog HDL or VHDL warning at computer_fpga.v(31): object "reg_A" assigned a value but never read File: C:/Users/tobin/AppData/Local/quartus/computer_fpga/computer_fpga.v Line: 31
Warning (10036): Verilog HDL or VHDL warning at computer_fpga.v(32): object "reg_B" assigned a value but never read File: C:/Users/tobin/AppData/Local/quartus/computer_fpga/computer_fpga.v Line: 32
Warning (10036): Verilog HDL or VHDL warning at computer_fpga.v(33): object "alu_result" assigned a value but never read File: C:/Users/tobin/AppData/Local/quartus/computer_fpga/computer_fpga.v Line: 33
Info (12128): Elaborating entity "program_counter" for hierarchy "program_counter:pc_inst" File: C:/Users/tobin/AppData/Local/quartus/computer_fpga/computer_fpga.v Line: 42
Warning (10230): Verilog HDL assignment warning at program_counter.v(29): truncated value with size 32 to match size of target (8) File: C:/Users/tobin/AppData/Local/quartus/computer_fpga/program_counter.v Line: 29
Warning (10230): Verilog HDL assignment warning at program_counter.v(35): truncated value with size 16 to match size of target (8) File: C:/Users/tobin/AppData/Local/quartus/computer_fpga/program_counter.v Line: 35
Info (12128): Elaborating entity "cpu_alu" for hierarchy "cpu_alu:alu_inst" File: C:/Users/tobin/AppData/Local/quartus/computer_fpga/computer_fpga.v Line: 55
Warning (10034): Output port "reg_A" at cpu_alu.v(19) has no driver File: C:/Users/tobin/AppData/Local/quartus/computer_fpga/cpu_alu.v Line: 19
Warning (10034): Output port "reg_B" at cpu_alu.v(20) has no driver File: C:/Users/tobin/AppData/Local/quartus/computer_fpga/cpu_alu.v Line: 20
Warning (10034): Output port "alu_result" at cpu_alu.v(22) has no driver File: C:/Users/tobin/AppData/Local/quartus/computer_fpga/cpu_alu.v Line: 22
Warning (12158): Entity "cpu_alu" contains only dangling pins File: C:/Users/tobin/AppData/Local/quartus/computer_fpga/computer_fpga.v Line: 55
Warning (12241): 2 hierarchies have connectivity warnings - see the Connectivity Checks report folder
Warning (13039): The following bidirectional pins have no drivers
    Warning (13040): bidirectional pin "reg_bus[0]" has no driver File: C:/Users/tobin/AppData/Local/quartus/computer_fpga/computer_fpga.v Line: 15
    Warning (13040): bidirectional pin "reg_bus[1]" has no driver File: C:/Users/tobin/AppData/Local/quartus/computer_fpga/computer_fpga.v Line: 15
    Warning (13040): bidirectional pin "reg_bus[2]" has no driver File: C:/Users/tobin/AppData/Local/quartus/computer_fpga/computer_fpga.v Line: 15
    Warning (13040): bidirectional pin "reg_bus[3]" has no driver File: C:/Users/tobin/AppData/Local/quartus/computer_fpga/computer_fpga.v Line: 15
    Warning (13040): bidirectional pin "reg_bus[4]" has no driver File: C:/Users/tobin/AppData/Local/quartus/computer_fpga/computer_fpga.v Line: 15
    Warning (13040): bidirectional pin "reg_bus[5]" has no driver File: C:/Users/tobin/AppData/Local/quartus/computer_fpga/computer_fpga.v Line: 15
    Warning (13040): bidirectional pin "reg_bus[6]" has no driver File: C:/Users/tobin/AppData/Local/quartus/computer_fpga/computer_fpga.v Line: 15
    Warning (13040): bidirectional pin "reg_bus[7]" has no driver File: C:/Users/tobin/AppData/Local/quartus/computer_fpga/computer_fpga.v Line: 15
Info (144001): Generated suppressed messages file C:/Users/tobin/AppData/Local/quartus/computer_fpga/output_files/computer_fpga.map.smsg
Info (16010): Generating hard_block partition "hard_block:auto_generated_inst"
    Info (16011): Adding 0 node(s), including 0 DDIO, 0 PLL, 0 transceiver and 0 LCELL
Warning (21074): Design contains 9 input pin(s) that do not drive logic
    Warning (15610): No output dependent on input pin "Computer_Reset" File: C:/Users/tobin/AppData/Local/quartus/computer_fpga/computer_fpga.v Line: 12
    Warning (15610): No output dependent on input pin "reg_A_in" File: C:/Users/tobin/AppData/Local/quartus/computer_fpga/computer_fpga.v Line: 17
    Warning (15610): No output dependent on input pin "reg_B_in" File: C:/Users/tobin/AppData/Local/quartus/computer_fpga/computer_fpga.v Line: 18
    Warning (15610): No output dependent on input pin "reg_A_out" File: C:/Users/tobin/AppData/Local/quartus/computer_fpga/computer_fpga.v Line: 20
    Warning (15610): No output dependent on input pin "reg_A_clr" File: C:/Users/tobin/AppData/Local/quartus/computer_fpga/computer_fpga.v Line: 22
    Warning (15610): No output dependent on input pin "reg_B_clr" File: C:/Users/tobin/AppData/Local/quartus/computer_fpga/computer_fpga.v Line: 23
    Warning (15610): No output dependent on input pin "regs_reset" File: C:/Users/tobin/AppData/Local/quartus/computer_fpga/computer_fpga.v Line: 25
    Warning (15610): No output dependent on input pin "alu_out" File: C:/Users/tobin/AppData/Local/quartus/computer_fpga/computer_fpga.v Line: 27
    Warning (15610): No output dependent on input pin "alu_sub" File: C:/Users/tobin/AppData/Local/quartus/computer_fpga/computer_fpga.v Line: 29
Info (21057): Implemented 38 device resources after synthesis - the final resource count might be different
    Info (21058): Implemented 14 input pins
    Info (21059): Implemented 0 output pins
    Info (21060): Implemented 16 bidirectional pins
    Info (21061): Implemented 8 logic cells
Info: Quartus Prime Analysis & Synthesis was successful. 0 errors, 31 warnings
    Info: Peak virtual memory: 4749 megabytes
    Info: Processing ended: Thu Mar 19 08:18:37 2026
    Info: Elapsed time: 00:00:08
    Info: Total CPU time (on all processors): 00:00:21


+------------------------------------------+
; Analysis & Synthesis Suppressed Messages ;
+------------------------------------------+
The suppressed messages can be found in C:/Users/tobin/AppData/Local/quartus/computer_fpga/output_files/computer_fpga.map.smsg.


